Performing C SOURCE FILE Test CMAKE_HAVE_LIBC_PTHREAD failed with the following output:
Change Dir: /home/nicolas/dev/Rastrear peixe/build/CMakeFiles/CMakeTmp

Run Build Command(s):/usr/bin/make cmTC_e940a/fast && /usr/bin/make -f CMakeFiles/cmTC_e940a.dir/build.make CMakeFiles/cmTC_e940a.dir/build
make[1]: Entering directory '/home/nicolas/dev/Rastrear peixe/build/CMakeFiles/CMakeTmp'
Building C object CMakeFiles/cmTC_e940a.dir/src.c.o
/usr/bin/gcc-7   -DCMAKE_HAVE_LIBC_PTHREAD   -o CMakeFiles/cmTC_e940a.dir/src.c.o   -c "/home/nicolas/dev/Rastrear peixe/build/CMakeFiles/CMakeTmp/src.c"
Linking C executable cmTC_e940a
/usr/local/bin/cmake -E cmake_link_script CMakeFiles/cmTC_e940a.dir/link.txt --verbose=1
/usr/bin/gcc-7  -DCMAKE_HAVE_LIBC_PTHREAD    CMakeFiles/cmTC_e940a.dir/src.c.o  -o cmTC_e940a 
CMakeFiles/cmTC_e940a.dir/src.c.o: Na função "main":
src.c:(.text+0x3e): referência não definida para "pthread_create"
src.c:(.text+0x4a): referência não definida para "pthread_detach"
src.c:(.text+0x5b): referência não definida para "pthread_join"
src.c:(.text+0x6f): referência não definida para "pthread_atfork"
collect2: error: ld returned 1 exit status
CMakeFiles/cmTC_e940a.dir/build.make:86: recipe for target 'cmTC_e940a' failed
make[1]: *** [cmTC_e940a] Error 1
make[1]: Leaving directory '/home/nicolas/dev/Rastrear peixe/build/CMakeFiles/CMakeTmp'
Makefile:121: recipe for target 'cmTC_e940a/fast' failed
make: *** [cmTC_e940a/fast] Error 2


Source file was:
#include <pthread.h>

void* test_func(void* data)
{
  return data;
}

int main(void)
{
  pthread_t thread;
  pthread_create(&thread, NULL, test_func, NULL);
  pthread_detach(thread);
  pthread_join(thread, NULL);
  pthread_atfork(NULL, NULL, NULL);
  pthread_exit(NULL);

  return 0;
}

Determining if the function pthread_create exists in the pthreads failed with the following output:
Change Dir: /home/nicolas/dev/Rastrear peixe/build/CMakeFiles/CMakeTmp

Run Build Command(s):/usr/bin/make cmTC_32dd8/fast && /usr/bin/make -f CMakeFiles/cmTC_32dd8.dir/build.make CMakeFiles/cmTC_32dd8.dir/build
make[1]: Entering directory '/home/nicolas/dev/Rastrear peixe/build/CMakeFiles/CMakeTmp'
Building C object CMakeFiles/cmTC_32dd8.dir/CheckFunctionExists.c.o
/usr/bin/gcc-7   -DCHECK_FUNCTION_EXISTS=pthread_create   -o CMakeFiles/cmTC_32dd8.dir/CheckFunctionExists.c.o   -c /usr/local/share/cmake-3.16/Modules/CheckFunctionExists.c
Linking C executable cmTC_32dd8
/usr/local/bin/cmake -E cmake_link_script CMakeFiles/cmTC_32dd8.dir/link.txt --verbose=1
/usr/bin/gcc-7  -DCHECK_FUNCTION_EXISTS=pthread_create    CMakeFiles/cmTC_32dd8.dir/CheckFunctionExists.c.o  -o cmTC_32dd8  -lpthreads 
/usr/bin/ld: não foi possível localizar -lpthreads
collect2: error: ld returned 1 exit status
CMakeFiles/cmTC_32dd8.dir/build.make:86: recipe for target 'cmTC_32dd8' failed
make[1]: *** [cmTC_32dd8] Error 1
make[1]: Leaving directory '/home/nicolas/dev/Rastrear peixe/build/CMakeFiles/CMakeTmp'
Makefile:121: recipe for target 'cmTC_32dd8/fast' failed
make: *** [cmTC_32dd8/fast] Error 2



